<?xml version="1.0" encoding="UTF-8"?>
<testsuite name="TestSuite" time="11.414" tests="10" errors="0" skipped="0" failures="10">
  <properties>
    <property name="java.vendor" value="Oracle Corporation"/>
    <property name="JOB_NAME" value="Hubspot_Maven1"/>
    <property name="RUN_TESTS_DISPLAY_URL" value="http://localhost:8080/job/Hubspot_Maven1/1/display/redirect?page=tests"/>
    <property name="sun.java.launcher" value="SUN_STANDARD"/>
    <property name="NUMBER_OF_PROCESSORS" value="12"/>
    <property name="sun.management.compiler" value="HotSpot 64-Bit Tiered Compilers"/>
    <property name="JENKINS_HOME" value="C:\ProgramData\Jenkins\.jenkins"/>
    <property name="HUDSON_SERVER_COOKIE" value="91fedba5bdec31ad"/>
    <property name="os.name" value="Windows 10"/>
    <property name="sun.boot.class.path" value="C:\Program Files\Java\jdk1.8.0_162\jre\lib\resources.jar;C:\Program Files\Java\jdk1.8.0_162\jre\lib\rt.jar;C:\Program Files\Java\jdk1.8.0_162\jre\lib\sunrsasign.jar;C:\Program Files\Java\jdk1.8.0_162\jre\lib\jsse.jar;C:\Program Files\Java\jdk1.8.0_162\jre\lib\jce.jar;C:\Program Files\Java\jdk1.8.0_162\jre\lib\charsets.jar;C:\Program Files\Java\jdk1.8.0_162\jre\lib\jfr.jar;C:\Program Files\Java\jdk1.8.0_162\jre\classes"/>
    <property name="EXECUTOR_NUMBER" value="1"/>
    <property name="sun.desktop" value="windows"/>
    <property name="PATHEXT" value=".COM;.EXE;.BAT;.CMD;.VBS;.VBE;.JS;.JSE;.WSF;.WSH;.MSC"/>
    <property name="java.vm.specification.vendor" value="Oracle Corporation"/>
    <property name="NODE_LABELS" value="built-in"/>
    <property name="TEMP" value="C:\Windows\TEMP"/>
    <property name="java.runtime.version" value="1.8.0_162-b12"/>
    <property name="WINSW_SERVICE_ID" value="jenkins"/>
    <property name="user.name" value="LAPTOP-E5NCT7NC$"/>
    <property name="guice.disable.misplaced.annotation.check" value="true"/>
    <property name="CommonProgramW6432" value="C:\Program Files\Common Files"/>
    <property name="ProgramFiles" value="C:\Program Files"/>
    <property name="user.language" value="en"/>
    <property name="JOB_BASE_NAME" value="Hubspot_Maven1"/>
    <property name="RUN_CHANGES_DISPLAY_URL" value="http://localhost:8080/job/Hubspot_Maven1/1/display/redirect?page=changes"/>
    <property name="BUILD_DISPLAY_NAME" value="#1"/>
    <property name="sun.boot.library.path" value="C:\Program Files\Java\jdk1.8.0_162\jre\bin"/>
    <property name="LOCALAPPDATA" value="C:\Windows\system32\config\systemprofile\AppData\Local"/>
    <property name="java.version" value="1.8.0_162"/>
    <property name="PROCESSOR_LEVEL" value="23"/>
    <property name="user.timezone" value="Asia/Calcutta"/>
    <property name="USERNAME" value="LAPTOP-E5NCT7NC$"/>
    <property name="sun.arch.data.model" value="64"/>
    <property name="NODE_NAME" value="built-in"/>
    <property name="PERL5LIB" value="D:\oracle\product\10.2.0\db_2\perl\5.8.3\lib\MSWin32-x86;D:\oracle\product\10.2.0\db_2\perl\5.8.3\lib;D:\oracle\product\10.2.0\db_2\perl\5.8.3\lib\MSWin32-x86;D:\oracle\product\10.2.0\db_2\perl\site\5.8.3;D:\oracle\product\10.2.0\db_2\perl\site\5.8.3\lib;D:\oracle\product\10.2.0\db_2\sysman\admin\scripts;D:\oracle\product\10.2.0\db_1\perl\5.8.3\lib\MSWin32-x86;D:\oracle\product\10.2.0\db_1\perl\5.8.3\lib;D:\oracle\product\10.2.0\db_1\perl\5.8.3\lib\MSWin32-x86;D:\oracle\product\10.2.0\db_1\perl\site\5.8.3;D:\oracle\product\10.2.0\db_1\perl\site\5.8.3\lib;D:\oracle\product\10.2.0\db_1\sysman\admin\scripts;"/>
    <property name="java.endorsed.dirs" value="C:\Program Files\Java\jdk1.8.0_162\jre\lib\endorsed"/>
    <property name="BUILD_ID" value="1"/>
    <property name="sun.cpu.isalist" value="amd64"/>
    <property name="sun.jnu.encoding" value="Cp1252"/>
    <property name="file.encoding.pkg" value="sun.io"/>
    <property name="file.separator" value="\"/>
    <property name="java.specification.name" value="Java Platform API Specification"/>
    <property name="maven.conf" value="D:\Devops tools\apache-maven-3.8.4\conf"/>
    <property name="java.class.version" value="52.0"/>
    <property name="org.slf4j.simpleLogger.defaultLogLevel" value="info"/>
    <property name="user.country" value="IN"/>
    <property name="ALLUSERSPROFILE" value="C:\ProgramData"/>
    <property name="java.home" value="C:\Program Files\Java\jdk1.8.0_162\jre"/>
    <property name="java.vm.info" value="mixed mode"/>
    <property name="os.version" value="10.0"/>
    <property name="RUN_DISPLAY_URL" value="http://localhost:8080/job/Hubspot_Maven1/1/display/redirect"/>
    <property name="TMP" value="C:\Windows\TEMP"/>
    <property name="RUN_ARTIFACTS_DISPLAY_URL" value="http://localhost:8080/job/Hubspot_Maven1/1/display/redirect?page=artifacts"/>
    <property name="path.separator" value=";"/>
    <property name="java.vm.version" value="25.162-b12"/>
    <property name="user.variant" value=""/>
    <property name="JOB_DISPLAY_URL" value="http://localhost:8080/job/Hubspot_Maven1/display/redirect"/>
    <property name="CommonProgramFiles(x86)" value="C:\Program Files (x86)\Common Files"/>
    <property name="java.awt.printerjob" value="sun.awt.windows.WPrinterJob"/>
    <property name="sun.io.unicode.encoding" value="UnicodeLittle"/>
    <property name="CommonProgramFiles" value="C:\Program Files\Common Files"/>
    <property name="ComSpec" value="C:\Windows\system32\cmd.exe"/>
    <property name="awt.toolkit" value="sun.awt.windows.WToolkit"/>
    <property name="SERVICE_ID" value="jenkins"/>
    <property name="COMPUTERNAME" value="LAPTOP-E5NCT7NC"/>
    <property name="user.script" value=""/>
    <property name="PUBLIC" value="C:\Users\Public"/>
    <property name="user.home" value="C:\Windows\system32\config\systemprofile"/>
    <property name="BUILD_TAG" value="jenkins-Hubspot_Maven1-1"/>
    <property name="JENKINS_SERVER_COOKIE" value="91fedba5bdec31ad"/>
    <property name="HUDSON_URL" value="http://localhost:8080/"/>
    <property name="ProgramData" value="C:\ProgramData"/>
    <property name="java.specification.vendor" value="Oracle Corporation"/>
    <property name="USERPROFILE" value="C:\Windows\system32\config\systemprofile"/>
    <property name="MAVAN_HOME" value="D:\Devops tools\apache-maven-3.8.4"/>
    <property name="CLASSPATH" value=""/>
    <property name="java.vendor.url" value="http://java.oracle.com/"/>
    <property name="java.library.path" value="C:\Program Files\Java\jdk1.8.0_162\bin;C:\Windows\Sun\Java\bin;C:\Windows\system32;C:\Windows;D:\Devops tools\apache-maven-3.8.4/bin;C:\ProgramData\Oracle\Java\javapath;D:\oracle\product\10.2.0\db_2\bin;D:\oracle\product\10.2.0\db_1\bin;C:\Windows\system32;C:\Windows;C:\Windows\System32\Wbem;C:\Windows\System32\WindowsPowerShell\v1.0\;C:\Windows\System32\OpenSSH\;C:\Program Files (x86)\NVIDIA Corporation\PhysX\Common;C:\Program Files\NVIDIA Corporation\NVIDIA NvDLISR;C:\Program Files\Java\jdk1.8.0_162\bin;C:\Program Files\Java\jre1.8.0_162\bin;C:\Program Files\Git\cmd;D:\Devops tools\apache-maven-3.8.4\bin;C:\MinGW\bin;C:\Windows\system32\config\systemprofile\AppData\Local\Microsoft\WindowsApps;."/>
    <property name="java.vm.vendor" value="Oracle Corporation"/>
    <property name="APPDATA" value="C:\Windows\system32\config\systemprofile\AppData\Roaming"/>
    <property name="java.runtime.name" value="Java(TM) SE Runtime Environment"/>
    <property name="maven.home" value="D:\Devops tools\apache-maven-3.8.4"/>
    <property name="java.class.path" value="C:\ProgramData\Jenkins\.jenkins\plugins\maven-plugin\WEB-INF\lib\maven35-agent-1.13.jar;D:\Devops tools\apache-maven-3.8.4\boot\plexus-classworlds-2.6.0.jar;D:\Devops tools\apache-maven-3.8.4/conf/logging"/>
    <property name="sun.java.command" value="jenkins.maven3.agent.Maven35Main D:\Devops tools\apache-maven-3.8.4 C:\ProgramData\Jenkins\war\WEB-INF\lib\remoting-4.13.jar C:\ProgramData\Jenkins\.jenkins\plugins\maven-plugin\WEB-INF\lib\maven35-interceptor-1.13.jar C:\ProgramData\Jenkins\.jenkins\plugins\maven-plugin\WEB-INF\lib\maven3-interceptor-commons-1.13.jar 60169"/>
    <property name="Path" value="C:\ProgramData\Oracle\Java\javapath;D:\oracle\product\10.2.0\db_2\bin;D:\oracle\product\10.2.0\db_1\bin;C:\Windows\system32;C:\Windows;C:\Windows\System32\Wbem;C:\Windows\System32\WindowsPowerShell\v1.0\;C:\Windows\System32\OpenSSH\;C:\Program Files (x86)\NVIDIA Corporation\PhysX\Common;C:\Program Files\NVIDIA Corporation\NVIDIA NvDLISR;C:\Program Files\Java\jdk1.8.0_162\bin;C:\Program Files\Java\jre1.8.0_162\bin;C:\Program Files\Git\cmd;D:\Devops tools\apache-maven-3.8.4\bin;C:\MinGW\bin;C:\Windows\system32\config\systemprofile\AppData\Local\Microsoft\WindowsApps"/>
    <property name="java.vm.specification.name" value="Java Virtual Machine Specification"/>
    <property name="PROCESSOR_ARCHITECTURE" value="AMD64"/>
    <property name="jansi.mode" value="strip"/>
    <property name="PROCESSOR_IDENTIFIER" value="AMD64 Family 23 Model 96 Stepping 1, AuthenticAMD"/>
    <property name="java.vm.specification.version" value="1.8"/>
    <property name="sun.os.patch.level" value=""/>
    <property name="sun.cpu.endian" value="little"/>
    <property name="M2_HOME" value="D:\Devops tools\apache-maven-3.8.4"/>
    <property name="java.io.tmpdir" value="C:\Windows\TEMP\"/>
    <property name="CI" value="true"/>
    <property name="OS" value="Windows_NT"/>
    <property name="HUDSON_HOME" value="C:\ProgramData\Jenkins\.jenkins"/>
    <property name="PATH+MAVEN" value="D:\Devops tools\apache-maven-3.8.4/bin"/>
    <property name="ProgramFiles(x86)" value="C:\Program Files (x86)"/>
    <property name="BUILD_URL" value="http://localhost:8080/job/Hubspot_Maven1/1/"/>
    <property name="java.vendor.url.bug" value="http://bugreport.sun.com/bugreport/"/>
    <property name="java.awt.graphicsenv" value="sun.awt.Win32GraphicsEnvironment"/>
    <property name="os.arch" value="amd64"/>
    <property name="SystemRoot" value="C:\Windows"/>
    <property name="java.ext.dirs" value="C:\Program Files\Java\jdk1.8.0_162\jre\lib\ext;C:\Windows\Sun\Java\lib\ext"/>
    <property name="user.dir" value="D:\Solution1\Rank"/>
    <property name="JOB_URL" value="http://localhost:8080/job/Hubspot_Maven1/"/>
    <property name="VBOX_HWVIRTEX_IGNORE_SVM_IN_USE" value="1"/>
    <property name="USERDOMAIN" value="WORKGROUP"/>
    <property name="line.separator" value="&#10;"/>
    <property name="MAVEN_HOME" value="D:\Devops tools\apache-maven-3.8.4"/>
    <property name="java.vm.name" value="Java HotSpot(TM) 64-Bit Server VM"/>
    <property name="BUILD_NUMBER" value="1"/>
    <property name="BASE" value="C:\Program Files\Jenkins"/>
    <property name="JENKINS_URL" value="http://localhost:8080/"/>
    <property name="PROCESSOR_REVISION" value="6001"/>
    <property name="ProgramW6432" value="C:\Program Files"/>
    <property name="windir" value="C:\Windows"/>
    <property name="file.encoding" value="Cp1252"/>
    <property name="SystemDrive" value="C:"/>
    <property name="maven3.interceptor" value="C:\ProgramData\Jenkins\.jenkins\plugins\maven-plugin\WEB-INF\lib\maven35-interceptor-1.13.jar"/>
    <property name="WORKSPACE_TMP" value="C:\ProgramData\Jenkins\.jenkins\workspace\Hubspot_Maven1@tmp"/>
    <property name="WORKSPACE" value="C:\ProgramData\Jenkins\.jenkins\workspace\Hubspot_Maven1"/>
    <property name="maven3.interceptor.common" value="C:\ProgramData\Jenkins\.jenkins\plugins\maven-plugin\WEB-INF\lib\maven3-interceptor-commons-1.13.jar"/>
    <property name="WINSW_EXECUTABLE" value="C:\Program Files\Jenkins\jenkins.exe"/>
    <property name="java.specification.version" value="1.8"/>
    <property name="PSModulePath" value="C:\Program Files\WindowsPowerShell\Modules;C:\Windows\system32\WindowsPowerShell\v1.0\Modules"/>
    <property name="DriverData" value="C:\Windows\System32\Drivers\DriverData"/>
  </properties>
  <testcase name="login" classname="com.bank.testcases.LoginPageTest" time="5.837">
    <failure message="The following asserts failed:&#10;	expected [HubSpot Home] but found [HubSpot Login]" type="java.lang.AssertionError">java.lang.AssertionError: The following asserts failed:
	expected [HubSpot Home] but found [HubSpot Login]
	at org.testng.asserts.SoftAssert.assertAll(SoftAssert.java:46)
	at org.testng.asserts.SoftAssert.assertAll(SoftAssert.java:30)
	at com.bank.testcases.LoginPageTest.login(LoginPageTest.java:27)
</failure>
    <system-out><![CDATA[Browser name :chrome
13
 INFO [TestNG-tests-1] (LoginPageTest.java:15)- Excution starts
 INFO [TestNG-tests-1] (LoginPageTest.java:17)- Take username
 INFO [TestNG-tests-1] (LoginPageTest.java:19)- Take password
Screenshoot taken
]]></system-out>
    <system-err><![CDATA[SLF4J: Failed to load class "org.slf4j.impl.StaticLoggerBinder".
SLF4J: Defaulting to no-operation (NOP) logger implementation
SLF4J: See http://www.slf4j.org/codes.html#StaticLoggerBinder for further details.
ERROR StatusLogger Log4j2 could not find a logging implementation. Please add log4j-core to the classpath. Using SimpleLogger to log to the console...
Starting ChromeDriver 99.0.4844.51 (d537ec02474b5afe23684e7963d538896c63ac77-refs/branch-heads/4844@{#875}) on port 50026
Only local connections are allowed.
Please see https://chromedriver.chromium.org/security-considerations for suggestions on keeping ChromeDriver safe.
ChromeDriver was started successfully.
[1650995189.121][WARNING]: This version of ChromeDriver has not been tested with Chrome version 100.
Apr 26, 2022 11:16:29 PM org.openqa.selenium.remote.ProtocolHandshake createSession
INFO: Detected dialect: W3C
Apr 26, 2022 11:16:29 PM org.openqa.selenium.devtools.CdpVersionFinder findNearestMatch
WARNING: Unable to find an exact match for CDP version 100, so returning the closest version found: 99
Apr 26, 2022 11:16:29 PM org.openqa.selenium.devtools.CdpVersionFinder findNearestMatch
INFO: Found CDP implementation for version 100 of 99
]]></system-err>
  </testcase>
  <testcase name="loginData" classname="com.bank.testcases.TC_001_DDTLogin" time="5.577">
    <failure message="The following asserts failed:&#10;	expected [HubSpot Home] but found [HubSpot Login]" type="java.lang.AssertionError">java.lang.AssertionError: The following asserts failed:
	expected [HubSpot Home] but found [HubSpot Login]
	at org.testng.asserts.SoftAssert.assertAll(SoftAssert.java:46)
	at org.testng.asserts.SoftAssert.assertAll(SoftAssert.java:30)
	at com.bank.testcases.TC_001_DDTLogin.loginData(TC_001_DDTLogin.java:29)
</failure>
    <system-out><![CDATA[Browser name :chrome
13
 INFO [TestNG-tests-1] (TC_001_DDTLogin.java:18)- username provided
 INFO [TestNG-tests-1] (TC_001_DDTLogin.java:20)- password provided
 INFO [TestNG-tests-1] (TC_001_DDTLogin.java:22)- click on signin button
Screenshoot taken
]]></system-out>
    <system-err><![CDATA[Starting ChromeDriver 99.0.4844.51 (d537ec02474b5afe23684e7963d538896c63ac77-refs/branch-heads/4844@{#875}) on port 52641
Only local connections are allowed.
Please see https://chromedriver.chromium.org/security-considerations for suggestions on keeping ChromeDriver safe.
ChromeDriver was started successfully.
[1650995200.737][WARNING]: This version of ChromeDriver has not been tested with Chrome version 100.
Apr 26, 2022 11:16:40 PM org.openqa.selenium.remote.ProtocolHandshake createSession
INFO: Detected dialect: W3C
Apr 26, 2022 11:16:40 PM org.openqa.selenium.devtools.CdpVersionFinder findNearestMatch
WARNING: Unable to find an exact match for CDP version 100, so returning the closest version found: 99
Apr 26, 2022 11:16:40 PM org.openqa.selenium.devtools.CdpVersionFinder findNearestMatch
INFO: Found CDP implementation for version 100 of 99
]]></system-err>
  </testcase>
  <testcase name="loginData" classname="com.bank.testcases.TC_001_DDTLogin" time="5.562">
    <failure message="The following asserts failed:&#10;	expected [HubSpot Home] but found [HubSpot Login]" type="java.lang.AssertionError">java.lang.AssertionError: The following asserts failed:
	expected [HubSpot Home] but found [HubSpot Login]
	at org.testng.asserts.SoftAssert.assertAll(SoftAssert.java:46)
	at org.testng.asserts.SoftAssert.assertAll(SoftAssert.java:30)
	at com.bank.testcases.TC_001_DDTLogin.loginData(TC_001_DDTLogin.java:29)
</failure>
    <system-out><![CDATA[Browser name :chrome
13
 INFO [TestNG-tests-1] (TC_001_DDTLogin.java:18)- username provided
 INFO [TestNG-tests-1] (TC_001_DDTLogin.java:20)- password provided
 INFO [TestNG-tests-1] (TC_001_DDTLogin.java:22)- click on signin button
Screenshoot taken
]]></system-out>
    <system-err><![CDATA[Starting ChromeDriver 99.0.4844.51 (d537ec02474b5afe23684e7963d538896c63ac77-refs/branch-heads/4844@{#875}) on port 57163
Only local connections are allowed.
Please see https://chromedriver.chromium.org/security-considerations for suggestions on keeping ChromeDriver safe.
ChromeDriver was started successfully.
[1650995209.384][WARNING]: This version of ChromeDriver has not been tested with Chrome version 100.
Apr 26, 2022 11:16:49 PM org.openqa.selenium.remote.ProtocolHandshake createSession
INFO: Detected dialect: W3C
Apr 26, 2022 11:16:49 PM org.openqa.selenium.devtools.CdpVersionFinder findNearestMatch
WARNING: Unable to find an exact match for CDP version 100, so returning the closest version found: 99
Apr 26, 2022 11:16:49 PM org.openqa.selenium.devtools.CdpVersionFinder findNearestMatch
INFO: Found CDP implementation for version 100 of 99
]]></system-err>
  </testcase>
  <testcase name="loginData" classname="com.bank.testcases.TC_001_DDTLogin" time="5.516">
    <failure message="The following asserts failed:&#10;	expected [HubSpot Home] but found [HubSpot Login]" type="java.lang.AssertionError">java.lang.AssertionError: The following asserts failed:
	expected [HubSpot Home] but found [HubSpot Login]
	at org.testng.asserts.SoftAssert.assertAll(SoftAssert.java:46)
	at org.testng.asserts.SoftAssert.assertAll(SoftAssert.java:30)
	at com.bank.testcases.TC_001_DDTLogin.loginData(TC_001_DDTLogin.java:29)
</failure>
    <system-out><![CDATA[Browser name :chrome
13
 INFO [TestNG-tests-1] (TC_001_DDTLogin.java:18)- username provided
 INFO [TestNG-tests-1] (TC_001_DDTLogin.java:20)- password provided
 INFO [TestNG-tests-1] (TC_001_DDTLogin.java:22)- click on signin button
Screenshoot taken
]]></system-out>
    <system-err><![CDATA[Starting ChromeDriver 99.0.4844.51 (d537ec02474b5afe23684e7963d538896c63ac77-refs/branch-heads/4844@{#875}) on port 62717
Only local connections are allowed.
Please see https://chromedriver.chromium.org/security-considerations for suggestions on keeping ChromeDriver safe.
ChromeDriver was started successfully.
[1650995218.179][WARNING]: This version of ChromeDriver has not been tested with Chrome version 100.
Apr 26, 2022 11:16:58 PM org.openqa.selenium.remote.ProtocolHandshake createSession
INFO: Detected dialect: W3C
Apr 26, 2022 11:16:58 PM org.openqa.selenium.devtools.CdpVersionFinder findNearestMatch
WARNING: Unable to find an exact match for CDP version 100, so returning the closest version found: 99
Apr 26, 2022 11:16:58 PM org.openqa.selenium.devtools.CdpVersionFinder findNearestMatch
INFO: Found CDP implementation for version 100 of 99
]]></system-err>
  </testcase>
  <testcase name="loginData" classname="com.bank.testcases.TC_001_DDTLogin" time="5.452">
    <failure message="The following asserts failed:&#10;	expected [HubSpot Home] but found [HubSpot Login]" type="java.lang.AssertionError">java.lang.AssertionError: The following asserts failed:
	expected [HubSpot Home] but found [HubSpot Login]
	at org.testng.asserts.SoftAssert.assertAll(SoftAssert.java:46)
	at org.testng.asserts.SoftAssert.assertAll(SoftAssert.java:30)
	at com.bank.testcases.TC_001_DDTLogin.loginData(TC_001_DDTLogin.java:29)
</failure>
    <system-out><![CDATA[Browser name :chrome
13
 INFO [TestNG-tests-1] (TC_001_DDTLogin.java:18)- username provided
 INFO [TestNG-tests-1] (TC_001_DDTLogin.java:20)- password provided
 INFO [TestNG-tests-1] (TC_001_DDTLogin.java:22)- click on signin button
Screenshoot taken
]]></system-out>
    <system-err><![CDATA[Starting ChromeDriver 99.0.4844.51 (d537ec02474b5afe23684e7963d538896c63ac77-refs/branch-heads/4844@{#875}) on port 50998
Only local connections are allowed.
Please see https://chromedriver.chromium.org/security-considerations for suggestions on keeping ChromeDriver safe.
ChromeDriver was started successfully.
[1650995227.374][WARNING]: This version of ChromeDriver has not been tested with Chrome version 100.
Apr 26, 2022 11:17:07 PM org.openqa.selenium.remote.ProtocolHandshake createSession
INFO: Detected dialect: W3C
Apr 26, 2022 11:17:07 PM org.openqa.selenium.devtools.CdpVersionFinder findNearestMatch
WARNING: Unable to find an exact match for CDP version 100, so returning the closest version found: 99
Apr 26, 2022 11:17:07 PM org.openqa.selenium.devtools.CdpVersionFinder findNearestMatch
INFO: Found CDP implementation for version 100 of 99
]]></system-err>
  </testcase>
  <testcase name="loginData" classname="com.bank.testcases.TC_001_DDTLogin" time="5.526">
    <failure message="The following asserts failed:&#10;	expected [HubSpot Home] but found [HubSpot Login]" type="java.lang.AssertionError">java.lang.AssertionError: The following asserts failed:
	expected [HubSpot Home] but found [HubSpot Login]
	at org.testng.asserts.SoftAssert.assertAll(SoftAssert.java:46)
	at org.testng.asserts.SoftAssert.assertAll(SoftAssert.java:30)
	at com.bank.testcases.TC_001_DDTLogin.loginData(TC_001_DDTLogin.java:29)
</failure>
    <system-out><![CDATA[Browser name :chrome
13
 INFO [TestNG-tests-1] (TC_001_DDTLogin.java:18)- username provided
 INFO [TestNG-tests-1] (TC_001_DDTLogin.java:20)- password provided
 INFO [TestNG-tests-1] (TC_001_DDTLogin.java:22)- click on signin button
Screenshoot taken
]]></system-out>
    <system-err><![CDATA[Starting ChromeDriver 99.0.4844.51 (d537ec02474b5afe23684e7963d538896c63ac77-refs/branch-heads/4844@{#875}) on port 55509
Only local connections are allowed.
Please see https://chromedriver.chromium.org/security-considerations for suggestions on keeping ChromeDriver safe.
ChromeDriver was started successfully.
[1650995236.478][WARNING]: This version of ChromeDriver has not been tested with Chrome version 100.
Apr 26, 2022 11:17:16 PM org.openqa.selenium.remote.ProtocolHandshake createSession
INFO: Detected dialect: W3C
Apr 26, 2022 11:17:16 PM org.openqa.selenium.devtools.CdpVersionFinder findNearestMatch
WARNING: Unable to find an exact match for CDP version 100, so returning the closest version found: 99
Apr 26, 2022 11:17:16 PM org.openqa.selenium.devtools.CdpVersionFinder findNearestMatch
INFO: Found CDP implementation for version 100 of 99
]]></system-err>
  </testcase>
  <testcase name="loginData" classname="com.bank.testcases.TC_001_DDTLogin" time="5.51">
    <failure message="The following asserts failed:&#10;	expected [HubSpot Home] but found [HubSpot Login]" type="java.lang.AssertionError">java.lang.AssertionError: The following asserts failed:
	expected [HubSpot Home] but found [HubSpot Login]
	at org.testng.asserts.SoftAssert.assertAll(SoftAssert.java:46)
	at org.testng.asserts.SoftAssert.assertAll(SoftAssert.java:30)
	at com.bank.testcases.TC_001_DDTLogin.loginData(TC_001_DDTLogin.java:29)
</failure>
    <system-out><![CDATA[Browser name :chrome
13
 INFO [TestNG-tests-1] (TC_001_DDTLogin.java:18)- username provided
 INFO [TestNG-tests-1] (TC_001_DDTLogin.java:20)- password provided
 INFO [TestNG-tests-1] (TC_001_DDTLogin.java:22)- click on signin button
Screenshoot taken
]]></system-out>
    <system-err><![CDATA[Starting ChromeDriver 99.0.4844.51 (d537ec02474b5afe23684e7963d538896c63ac77-refs/branch-heads/4844@{#875}) on port 51462
Only local connections are allowed.
Please see https://chromedriver.chromium.org/security-considerations for suggestions on keeping ChromeDriver safe.
ChromeDriver was started successfully.
[1650995245.376][WARNING]: This version of ChromeDriver has not been tested with Chrome version 100.
Apr 26, 2022 11:17:25 PM org.openqa.selenium.remote.ProtocolHandshake createSession
INFO: Detected dialect: W3C
Apr 26, 2022 11:17:25 PM org.openqa.selenium.devtools.CdpVersionFinder findNearestMatch
WARNING: Unable to find an exact match for CDP version 100, so returning the closest version found: 99
Apr 26, 2022 11:17:25 PM org.openqa.selenium.devtools.CdpVersionFinder findNearestMatch
INFO: Found CDP implementation for version 100 of 99
]]></system-err>
  </testcase>
  <testcase name="loginData" classname="com.bank.testcases.TC_001_DDTLogin" time="5.559">
    <failure message="The following asserts failed:&#10;	expected [HubSpot Home] but found [HubSpot Login]" type="java.lang.AssertionError">java.lang.AssertionError: The following asserts failed:
	expected [HubSpot Home] but found [HubSpot Login]
	at org.testng.asserts.SoftAssert.assertAll(SoftAssert.java:46)
	at org.testng.asserts.SoftAssert.assertAll(SoftAssert.java:30)
	at com.bank.testcases.TC_001_DDTLogin.loginData(TC_001_DDTLogin.java:29)
</failure>
    <system-out><![CDATA[Browser name :chrome
13
 INFO [TestNG-tests-1] (TC_001_DDTLogin.java:18)- username provided
 INFO [TestNG-tests-1] (TC_001_DDTLogin.java:20)- password provided
 INFO [TestNG-tests-1] (TC_001_DDTLogin.java:22)- click on signin button
Screenshoot taken
]]></system-out>
    <system-err><![CDATA[Starting ChromeDriver 99.0.4844.51 (d537ec02474b5afe23684e7963d538896c63ac77-refs/branch-heads/4844@{#875}) on port 64819
Only local connections are allowed.
Please see https://chromedriver.chromium.org/security-considerations for suggestions on keeping ChromeDriver safe.
ChromeDriver was started successfully.
[1650995254.019][WARNING]: This version of ChromeDriver has not been tested with Chrome version 100.
Apr 26, 2022 11:17:34 PM org.openqa.selenium.remote.ProtocolHandshake createSession
INFO: Detected dialect: W3C
Apr 26, 2022 11:17:34 PM org.openqa.selenium.devtools.CdpVersionFinder findNearestMatch
WARNING: Unable to find an exact match for CDP version 100, so returning the closest version found: 99
Apr 26, 2022 11:17:34 PM org.openqa.selenium.devtools.CdpVersionFinder findNearestMatch
INFO: Found CDP implementation for version 100 of 99
]]></system-err>
  </testcase>
  <testcase name="loginData" classname="com.bank.testcases.TC_001_DDTLogin" time="5.57">
    <failure message="The following asserts failed:&#10;	expected [HubSpot Home] but found [HubSpot Login]" type="java.lang.AssertionError">java.lang.AssertionError: The following asserts failed:
	expected [HubSpot Home] but found [HubSpot Login]
	at org.testng.asserts.SoftAssert.assertAll(SoftAssert.java:46)
	at org.testng.asserts.SoftAssert.assertAll(SoftAssert.java:30)
	at com.bank.testcases.TC_001_DDTLogin.loginData(TC_001_DDTLogin.java:29)
</failure>
    <system-out><![CDATA[Browser name :chrome
13
 INFO [TestNG-tests-1] (TC_001_DDTLogin.java:18)- username provided
 INFO [TestNG-tests-1] (TC_001_DDTLogin.java:20)- password provided
 INFO [TestNG-tests-1] (TC_001_DDTLogin.java:22)- click on signin button
Screenshoot taken
]]></system-out>
    <system-err><![CDATA[Starting ChromeDriver 99.0.4844.51 (d537ec02474b5afe23684e7963d538896c63ac77-refs/branch-heads/4844@{#875}) on port 52503
Only local connections are allowed.
Please see https://chromedriver.chromium.org/security-considerations for suggestions on keeping ChromeDriver safe.
ChromeDriver was started successfully.
[1650995262.871][WARNING]: This version of ChromeDriver has not been tested with Chrome version 100.
Apr 26, 2022 11:17:42 PM org.openqa.selenium.remote.ProtocolHandshake createSession
INFO: Detected dialect: W3C
Apr 26, 2022 11:17:42 PM org.openqa.selenium.devtools.CdpVersionFinder findNearestMatch
WARNING: Unable to find an exact match for CDP version 100, so returning the closest version found: 99
Apr 26, 2022 11:17:42 PM org.openqa.selenium.devtools.CdpVersionFinder findNearestMatch
INFO: Found CDP implementation for version 100 of 99
]]></system-err>
  </testcase>
  <testcase name="loginData" classname="com.bank.testcases.TC_001_DDTLogin" time="5.622">
    <failure message="The following asserts failed:&#10;	expected [HubSpot Home] but found [HubSpot Login]" type="java.lang.AssertionError">java.lang.AssertionError: The following asserts failed:
	expected [HubSpot Home] but found [HubSpot Login]
	at org.testng.asserts.SoftAssert.assertAll(SoftAssert.java:46)
	at org.testng.asserts.SoftAssert.assertAll(SoftAssert.java:30)
	at com.bank.testcases.TC_001_DDTLogin.loginData(TC_001_DDTLogin.java:29)
</failure>
    <system-out><![CDATA[Browser name :chrome
13
 INFO [TestNG-tests-1] (TC_001_DDTLogin.java:18)- username provided
 INFO [TestNG-tests-1] (TC_001_DDTLogin.java:20)- password provided
 INFO [TestNG-tests-1] (TC_001_DDTLogin.java:22)- click on signin button
Screenshoot taken
]]></system-out>
    <system-err><![CDATA[Starting ChromeDriver 99.0.4844.51 (d537ec02474b5afe23684e7963d538896c63ac77-refs/branch-heads/4844@{#875}) on port 56368
Only local connections are allowed.
Please see https://chromedriver.chromium.org/security-considerations for suggestions on keeping ChromeDriver safe.
ChromeDriver was started successfully.
[1650995271.459][WARNING]: This version of ChromeDriver has not been tested with Chrome version 100.
Apr 26, 2022 11:17:51 PM org.openqa.selenium.remote.ProtocolHandshake createSession
INFO: Detected dialect: W3C
Apr 26, 2022 11:17:51 PM org.openqa.selenium.devtools.CdpVersionFinder findNearestMatch
WARNING: Unable to find an exact match for CDP version 100, so returning the closest version found: 99
Apr 26, 2022 11:17:51 PM org.openqa.selenium.devtools.CdpVersionFinder findNearestMatch
INFO: Found CDP implementation for version 100 of 99
]]></system-err>
  </testcase>
</testsuite>