<!DOCTYPE html>

<html>
  <head>
  <meta charset='utf-8'>
  <title>TestNG reports</title>

    <link type="text/css" href="testng-reports1.css" rel="stylesheet" id="ultra" />
    <link type="text/css" href="testng-reports.css" rel="stylesheet" id="retro" disabled="false"/>
    <script type="text/javascript" src="jquery.min.js"></script>
    <script type="text/javascript" src="testng-reports.js"></script>
    <script type="text/javascript" src="https://www.google.com/jsapi"></script>
    <script type='text/javascript'>
      google.load('visualization', '1', {packages:['table']});
      google.setOnLoadCallback(drawTable);
      var suiteTableInitFunctions = new Array();
      var suiteTableData = new Array();
    </script>
    <!--
      <script type="text/javascript" src="jquery-ui/js/jquery-ui-1.8.16.custom.min.js"></script>
     -->
  </head>

  <body>
    <div class="top-banner-root">
      <span class="top-banner-title-font">Test results</span>
      <button id="button" class="button">Switch Retro Theme</button> <!-- button -->
      <br/>
      <span class="top-banner-font-1">1 suite, 16 failed tests</span>
    </div> <!-- top-banner-root -->
    <div class="navigator-root">
      <div class="navigator-suite-header">
        <span>All suites</span>
        <a href="#" title="Collapse/expand all the suites" class="collapse-all-link">
          <img src="collapseall.gif" class="collapse-all-icon">
          </img> <!-- collapse-all-icon -->
        </a> <!-- collapse-all-link -->
      </div> <!-- navigator-suite-header -->
      <div class="suite">
        <div class="rounded-window">
          <div class="suite-header light-rounded-window-top">
            <a href="#" panel-name="suite-Suite" class="navigator-link">
              <span class="suite-name border-failed">Suite</span>
            </a> <!-- navigator-link -->
          </div> <!-- suite-header light-rounded-window-top -->
          <div class="navigator-suite-content">
            <div class="suite-section-title">
              <span>Info</span>
            </div> <!-- suite-section-title -->
            <div class="suite-section-content">
              <ul>
                <li>
                  <a href="#" panel-name="test-xml-Suite" class="navigator-link ">
                    <span>D:\Solution1\Rank\testng.xml</span>
                  </a> <!-- navigator-link  -->
                </li>
                <li>
                  <a href="#" panel-name="testlist-Suite" class="navigator-link ">
                    <span class="test-stats">1 test</span>
                  </a> <!-- navigator-link  -->
                </li>
                <li>
                  <a href="#" panel-name="group-Suite" class="navigator-link ">
                    <span>0 groups</span>
                  </a> <!-- navigator-link  -->
                </li>
                <li>
                  <a href="#" panel-name="times-Suite" class="navigator-link ">
                    <span>Times</span>
                  </a> <!-- navigator-link  -->
                </li>
                <li>
                  <a href="#" panel-name="reporter-Suite" class="navigator-link ">
                    <span>Reporter output</span>
                  </a> <!-- navigator-link  -->
                </li>
                <li>
                  <a href="#" panel-name="ignored-methods-Suite" class="navigator-link ">
                    <span>Ignored methods</span>
                  </a> <!-- navigator-link  -->
                </li>
                <li>
                  <a href="#" panel-name="chronological-Suite" class="navigator-link ">
                    <span>Chronological view</span>
                  </a> <!-- navigator-link  -->
                </li>
              </ul>
            </div> <!-- suite-section-content -->
            <div class="result-section">
              <div class="suite-section-title">
                <span>Results</span>
              </div> <!-- suite-section-title -->
              <div class="suite-section-content">
                <ul>
                  <li>
                    <span class="method-stats">17 methods, 16 failed,   1 passed</span>
                  </li>
                  <li>
                    <span class="method-list-title failed">Failed methods</span>
                    <span class="show-or-hide-methods failed">
                      <a href="#" panel-name="suite-Suite" class="hide-methods failed suite-Suite"> (hide)</a> <!-- hide-methods failed suite-Suite -->
                      <a href="#" panel-name="suite-Suite" class="show-methods failed suite-Suite"> (show)</a> <!-- show-methods failed suite-Suite -->
                    </span>
                    <div class="method-list-content failed suite-Suite">
                      <span>
                        <img src="failed.png" width="3%"/>
                        <a href="#" panel-name="suite-Suite" title="com.bank.testcases.TC_AddCustomerTest_003" class="method navigator-link" hash-for-method="addNewCustomer(hsjsjjjsjs, 11, 4, 1981, jjdjd, hyd, mg, 457645, 9865471236, ggggs)">addNewCustomer(hsjsjjjsjs, 11, 4, 1981, jjdjd, hyd, mg, 457645, 9865471236, ggggs)</a> <!-- method navigator-link -->
                      </span>
                      <br/>
                      <span>
                        <img src="failed.png" width="3%"/>
                        <a href="#" panel-name="suite-Suite" title="com.bank.testcases.TC_AddCustomerTest_003" class="method navigator-link" hash-for-method="addNewCustomer(uhskklallsisi, 11, 4, 1981, sjjsjsjjsjsj, hyd, mg, 457645, 9865471236, whwwuu)">addNewCustomer(uhskklallsisi, 11, 4, 1981, sjjsjsjjsjsj, hyd, mg, 457645, 9865471236, whwwuu)</a> <!-- method navigator-link -->
                      </span>
                      <br/>
                      <span>
                        <img src="failed.png" width="3%"/>
                        <a href="#" panel-name="suite-Suite" title="com.bank.testcases.TC_AddCustomerTest_003" class="method navigator-link" hash-for-method="addNewCustomer(soojsjskksk, 11, 4, 1981, djjjdjdjjd, hyd, mg, 457645, 9865471236, jjwjwjjwjjw)">addNewCustomer(soojsjskksk, 11, 4, 1981, djjjdjdjjd, hyd, mg, 457645, 9865471236, jjwjwjjwjjw)</a> <!-- method navigator-link -->
                      </span>
                      <br/>
                      <span>
                        <img src="failed.png" width="3%"/>
                        <a href="#" panel-name="suite-Suite" title="com.bank.testcases.TC_AddCustomerTest_003" class="method navigator-link" hash-for-method="addNewCustomer(isosnnmms, 11, 4, 1981, jdjjdjdjjd, hyd, mg, 457645, 9865471236, wuuuw)">addNewCustomer(isosnnmms, 11, 4, 1981, jdjjdjdjjd, hyd, mg, 457645, 9865471236, wuuuw)</a> <!-- method navigator-link -->
                      </span>
                      <br/>
                      <span>
                        <img src="failed.png" width="3%"/>
                        <a href="#" panel-name="suite-Suite" title="com.bank.testcases.TC_AddCustomerTest_003" class="method navigator-link" hash-for-method="addNewCustomer(lsjjshhjkskks, 11, 4, 1981, jjdjjdjjd, hyd, mg, 457645, 9865471236, iiiiisueu)">addNewCustomer(lsjjshhjkskks, 11, 4, 1981, jjdjjdjjd, hyd, mg, 457645, 9865471236, iiiiisueu)</a> <!-- method navigator-link -->
                      </span>
                      <br/>
                      <span>
                        <img src="failed.png" width="3%"/>
                        <a href="#" panel-name="suite-Suite" title="com.bank.testcases.TC_AddCustomerTest_003" class="method navigator-link" hash-for-method="addNewCustomer(somskkksks, 11, 4, 1981, djjdjjd, hyd, mg, 457645, 9865471236, klshsyys)">addNewCustomer(somskkksks, 11, 4, 1981, djjdjjd, hyd, mg, 457645, 9865471236, klshsyys)</a> <!-- method navigator-link -->
                      </span>
                      <br/>
                      <span>
                        <img src="failed.png" width="3%"/>
                        <a href="#" panel-name="suite-Suite" title="com.bank.testcases.LoginPageTest" class="method navigator-link" hash-for-method="login">login</a> <!-- method navigator-link -->
                      </span>
                      <br/>
                      <span>
                        <img src="failed.png" width="3%"/>
                        <a href="#" panel-name="suite-Suite" title="com.bank.testcases.TC_001_DDTLogin" class="method navigator-link" hash-for-method="loginDDT(sllsdjdkkd, lslkdkkxkx)">loginDDT(sllsdjdkkd, lslkdkkxkx)</a> <!-- method navigator-link -->
                      </span>
                      <br/>
                      <span>
                        <img src="failed.png" width="3%"/>
                        <a href="#" panel-name="suite-Suite" title="com.bank.testcases.TC_001_DDTLogin" class="method navigator-link" hash-for-method="loginDDT(jdkddkkkd, kdddkkdkd)">loginDDT(jdkddkkkd, kdddkkdkd)</a> <!-- method navigator-link -->
                      </span>
                      <br/>
                      <span>
                        <img src="failed.png" width="3%"/>
                        <a href="#" panel-name="suite-Suite" title="com.bank.testcases.TC_001_DDTLogin" class="method navigator-link" hash-for-method="loginDDT(s7021954183@gmail.com, Sa@7769090757)">loginDDT(s7021954183@gmail.com, Sa@7769090757)</a> <!-- method navigator-link -->
                      </span>
                      <br/>
                      <span>
                        <img src="failed.png" width="3%"/>
                        <a href="#" panel-name="suite-Suite" title="com.bank.testcases.TC_001_DDTLogin" class="method navigator-link" hash-for-method="loginDDT(iiejskdkkdk, skkdjxjxkkkz)">loginDDT(iiejskdkkdk, skkdjxjxkkkz)</a> <!-- method navigator-link -->
                      </span>
                      <br/>
                      <span>
                        <img src="failed.png" width="3%"/>
                        <a href="#" panel-name="suite-Suite" title="com.bank.testcases.TC_001_DDTLogin" class="method navigator-link" hash-for-method="loginDDT(hsggsgsgs, jdjdjjf)">loginDDT(hsggsgsgs, jdjdjjf)</a> <!-- method navigator-link -->
                      </span>
                      <br/>
                      <span>
                        <img src="failed.png" width="3%"/>
                        <a href="#" panel-name="suite-Suite" title="com.bank.testcases.TC_001_DDTLogin" class="method navigator-link" hash-for-method="loginDDT(lskksksk, llsllsls)">loginDDT(lskksksk, llsllsls)</a> <!-- method navigator-link -->
                      </span>
                      <br/>
                      <span>
                        <img src="failed.png" width="3%"/>
                        <a href="#" panel-name="suite-Suite" title="com.bank.testcases.TC_001_DDTLogin" class="method navigator-link" hash-for-method="loginDDT(siiskaskkdjdj, lskkdkkkd)">loginDDT(siiskaskkdjdj, lskkdkkkd)</a> <!-- method navigator-link -->
                      </span>
                      <br/>
                      <span>
                        <img src="failed.png" width="3%"/>
                        <a href="#" panel-name="suite-Suite" title="com.bank.testcases.TC_001_DDTLogin" class="method navigator-link" hash-for-method="loginDDT(lskskskks, kdkdkdkkd)">loginDDT(lskskskks, kdkdkdkkd)</a> <!-- method navigator-link -->
                      </span>
                      <br/>
                      <span>
                        <img src="failed.png" width="3%"/>
                        <a href="#" panel-name="suite-Suite" title="com.bank.testcases.TC_001_DDTLogin" class="method navigator-link" hash-for-method="loginDDT(lskkkdkd, siinsmmsms)">loginDDT(lskkkdkd, siinsmmsms)</a> <!-- method navigator-link -->
                      </span>
                      <br/>
                    </div> <!-- method-list-content failed suite-Suite -->
                  </li>
                  <li>
                    <span class="method-list-title passed">Passed methods</span>
                    <span class="show-or-hide-methods passed">
                      <a href="#" panel-name="suite-Suite" class="hide-methods passed suite-Suite"> (hide)</a> <!-- hide-methods passed suite-Suite -->
                      <a href="#" panel-name="suite-Suite" class="show-methods passed suite-Suite"> (show)</a> <!-- show-methods passed suite-Suite -->
                    </span>
                    <div class="method-list-content passed suite-Suite">
                      <span>
                        <img src="passed.png" width="3%"/>
                        <a href="#" panel-name="suite-Suite" title="com.bank.testcases.TC_AddCustomerTest_003" class="method navigator-link" hash-for-method="addNewCustomer(ushuoxkkx, 11, 4, 1981, jjdjjjj, hyd, mg, 457645, 9865471236, wjjjwjjw)">addNewCustomer(ushuoxkkx, 11, 4, 1981, jjdjjjj, hyd, mg, 457645, 9865471236, wjjjwjjw)</a> <!-- method navigator-link -->
                      </span>
                      <br/>
                    </div> <!-- method-list-content passed suite-Suite -->
                  </li>
                </ul>
              </div> <!-- suite-section-content -->
            </div> <!-- result-section -->
          </div> <!-- navigator-suite-content -->
        </div> <!-- rounded-window -->
      </div> <!-- suite -->
    </div> <!-- navigator-root -->
    <div class="wrapper">
      <div class="main-panel-root">
        <div panel-name="suite-Suite" class="panel Suite">
          <div class="suite-Suite-class-failed">
            <div class="main-panel-header rounded-window-top">
              <img src="failed.png"/>
              <span class="class-name">com.bank.testcases.LoginPageTest</span>
            </div> <!-- main-panel-header rounded-window-top -->
            <div class="main-panel-content rounded-window-bottom">
              <div class="method">
                <div class="method-content">
                  <a name="login">
                  </a> <!-- login -->
                  <span class="method-name">login</span>
                  <div class="stack-trace">java.lang.AssertionError: The following asserts failed:
	expected [HubSpot Home] but found [Guru99 Bank Manager HomePage]
	at com.bank.testcases.LoginPageTest.login(LoginPageTest.java:27)
	at java.base/java.util.ArrayList.forEach(ArrayList.java:1511)
... Removed 29 stack frames
</div> <!-- stack-trace -->
                </div> <!-- method-content -->
              </div> <!-- method -->
            </div> <!-- main-panel-content rounded-window-bottom -->
          </div> <!-- suite-Suite-class-failed -->
          <div class="suite-Suite-class-failed">
            <div class="main-panel-header rounded-window-top">
              <img src="failed.png"/>
              <span class="class-name">com.bank.testcases.TC_001_DDTLogin</span>
            </div> <!-- main-panel-header rounded-window-top -->
            <div class="main-panel-content rounded-window-bottom">
              <div class="method">
                <div class="method-content">
                  <a name="loginDDT(sllsdjdkkd, lslkdkkxkx)">
                  </a> <!-- loginDDT(sllsdjdkkd, lslkdkkxkx) -->
                  <span class="method-name">loginDDT</span>
                  <span class="parameters">(sllsdjdkkd, lslkdkkxkx)</span>
                  <div class="stack-trace">java.lang.AssertionError: expected [true] but found [false]
	at com.bank.testcases.TC_001_DDTLogin.loginDDT(TC_001_DDTLogin.java:32)
	at java.base/java.util.ArrayList.forEach(ArrayList.java:1511)
... Removed 31 stack frames
</div> <!-- stack-trace -->
                </div> <!-- method-content -->
              </div> <!-- method -->
              <div class="method">
                <div class="method-content">
                  <a name="loginDDT(jdkddkkkd, kdddkkdkd)">
                  </a> <!-- loginDDT(jdkddkkkd, kdddkkdkd) -->
                  <span class="method-name">loginDDT</span>
                  <span class="parameters">(jdkddkkkd, kdddkkdkd)</span>
                  <div class="stack-trace">java.lang.AssertionError: expected [true] but found [false]
	at com.bank.testcases.TC_001_DDTLogin.loginDDT(TC_001_DDTLogin.java:32)
	at java.base/java.util.ArrayList.forEach(ArrayList.java:1511)
... Removed 31 stack frames
</div> <!-- stack-trace -->
                </div> <!-- method-content -->
              </div> <!-- method -->
              <div class="method">
                <div class="method-content">
                  <a name="loginDDT(s7021954183@gmail.com, Sa@7769090757)">
                  </a> <!-- loginDDT(s7021954183@gmail.com, Sa@7769090757) -->
                  <span class="method-name">loginDDT</span>
                  <span class="parameters">(s7021954183@gmail.com, Sa@7769090757)</span>
                  <div class="stack-trace">java.lang.AssertionError: expected [true] but found [false]
	at com.bank.testcases.TC_001_DDTLogin.loginDDT(TC_001_DDTLogin.java:32)
	at java.base/java.util.ArrayList.forEach(ArrayList.java:1511)
... Removed 31 stack frames
</div> <!-- stack-trace -->
                </div> <!-- method-content -->
              </div> <!-- method -->
              <div class="method">
                <div class="method-content">
                  <a name="loginDDT(iiejskdkkdk, skkdjxjxkkkz)">
                  </a> <!-- loginDDT(iiejskdkkdk, skkdjxjxkkkz) -->
                  <span class="method-name">loginDDT</span>
                  <span class="parameters">(iiejskdkkdk, skkdjxjxkkkz)</span>
                  <div class="stack-trace">java.lang.AssertionError: expected [true] but found [false]
	at com.bank.testcases.TC_001_DDTLogin.loginDDT(TC_001_DDTLogin.java:32)
	at java.base/java.util.ArrayList.forEach(ArrayList.java:1511)
... Removed 31 stack frames
</div> <!-- stack-trace -->
                </div> <!-- method-content -->
              </div> <!-- method -->
              <div class="method">
                <div class="method-content">
                  <a name="loginDDT(hsggsgsgs, jdjdjjf)">
                  </a> <!-- loginDDT(hsggsgsgs, jdjdjjf) -->
                  <span class="method-name">loginDDT</span>
                  <span class="parameters">(hsggsgsgs, jdjdjjf)</span>
                  <div class="stack-trace">java.lang.AssertionError: expected [true] but found [false]
	at com.bank.testcases.TC_001_DDTLogin.loginDDT(TC_001_DDTLogin.java:32)
	at java.base/java.util.ArrayList.forEach(ArrayList.java:1511)
... Removed 31 stack frames
</div> <!-- stack-trace -->
                </div> <!-- method-content -->
              </div> <!-- method -->
              <div class="method">
                <div class="method-content">
                  <a name="loginDDT(lskksksk, llsllsls)">
                  </a> <!-- loginDDT(lskksksk, llsllsls) -->
                  <span class="method-name">loginDDT</span>
                  <span class="parameters">(lskksksk, llsllsls)</span>
                  <div class="stack-trace">java.lang.AssertionError: expected [true] but found [false]
	at com.bank.testcases.TC_001_DDTLogin.loginDDT(TC_001_DDTLogin.java:32)
	at java.base/java.util.ArrayList.forEach(ArrayList.java:1511)
... Removed 31 stack frames
</div> <!-- stack-trace -->
                </div> <!-- method-content -->
              </div> <!-- method -->
              <div class="method">
                <div class="method-content">
                  <a name="loginDDT(siiskaskkdjdj, lskkdkkkd)">
                  </a> <!-- loginDDT(siiskaskkdjdj, lskkdkkkd) -->
                  <span class="method-name">loginDDT</span>
                  <span class="parameters">(siiskaskkdjdj, lskkdkkkd)</span>
                  <div class="stack-trace">java.lang.AssertionError: expected [true] but found [false]
	at com.bank.testcases.TC_001_DDTLogin.loginDDT(TC_001_DDTLogin.java:32)
	at java.base/java.util.ArrayList.forEach(ArrayList.java:1511)
... Removed 31 stack frames
</div> <!-- stack-trace -->
                </div> <!-- method-content -->
              </div> <!-- method -->
              <div class="method">
                <div class="method-content">
                  <a name="loginDDT(lskskskks, kdkdkdkkd)">
                  </a> <!-- loginDDT(lskskskks, kdkdkdkkd) -->
                  <span class="method-name">loginDDT</span>
                  <span class="parameters">(lskskskks, kdkdkdkkd)</span>
                  <div class="stack-trace">java.lang.AssertionError: expected [true] but found [false]
	at com.bank.testcases.TC_001_DDTLogin.loginDDT(TC_001_DDTLogin.java:32)
	at java.base/java.util.ArrayList.forEach(ArrayList.java:1511)
... Removed 31 stack frames
</div> <!-- stack-trace -->
                </div> <!-- method-content -->
              </div> <!-- method -->
              <div class="method">
                <div class="method-content">
                  <a name="loginDDT(lskkkdkd, siinsmmsms)">
                  </a> <!-- loginDDT(lskkkdkd, siinsmmsms) -->
                  <span class="method-name">loginDDT</span>
                  <span class="parameters">(lskkkdkd, siinsmmsms)</span>
                  <div class="stack-trace">java.lang.AssertionError: expected [true] but found [false]
	at com.bank.testcases.TC_001_DDTLogin.loginDDT(TC_001_DDTLogin.java:32)
	at java.base/java.util.ArrayList.forEach(ArrayList.java:1511)
... Removed 31 stack frames
</div> <!-- stack-trace -->
                </div> <!-- method-content -->
              </div> <!-- method -->
            </div> <!-- main-panel-content rounded-window-bottom -->
          </div> <!-- suite-Suite-class-failed -->
          <div class="suite-Suite-class-failed">
            <div class="main-panel-header rounded-window-top">
              <img src="failed.png"/>
              <span class="class-name">com.bank.testcases.TC_AddCustomerTest_003</span>
            </div> <!-- main-panel-header rounded-window-top -->
            <div class="main-panel-content rounded-window-bottom">
              <div class="method">
                <div class="method-content">
                  <a name="addNewCustomer(hsjsjjjsjs, 11, 4, 1981, jjdjd, hyd, mg, 457645, 9865471236, ggggs)">
                  </a> <!-- addNewCustomer(hsjsjjjsjs, 11, 4, 1981, jjdjd, hyd, mg, 457645, 9865471236, ggggs) -->
                  <span class="method-name">addNewCustomer</span>
                  <span class="parameters">(hsjsjjjsjs, 11, 4, 1981, jjdjd, hyd, mg, 457645, 9865471236, ggggs)</span>
                  <div class="stack-trace">org.openqa.selenium.WebDriverException: target frame detached
  (Session info: chrome=101.0.4951.54)
Build info: version: &apos;4.1.3&apos;, revision: &apos;7b1ebf28ef&apos;
System info: host: &apos;LAPTOP-E5NCT7NC&apos;, ip: &apos;172.19.224.1&apos;, os.name: &apos;Windows 10&apos;, os.arch: &apos;amd64&apos;, os.version: &apos;10.0&apos;, java.version: &apos;17.0.2&apos;
Driver info: org.openqa.selenium.chrome.ChromeDriver
Command: [e3a9f6eb7cdd8bb33252bc8da94560ad, getPageSource {}]
Capabilities {acceptInsecureCerts: false, browserName: chrome, browserVersion: 101.0.4951.54, chrome: {chromedriverVersion: 101.0.4951.41 (93c720db8323..., userDataDir: C:\Users\SANDES~1\AppData\L...}, goog:chromeOptions: {debuggerAddress: localhost:63099}, javascriptEnabled: true, networkConnectionEnabled: false, pageLoadStrategy: normal, platform: WINDOWS, platformName: WINDOWS, proxy: Proxy(), se:cdp: ws://localhost:63099/devtoo..., se:cdpVersion: 101.0.4951.54, setWindowRect: true, strictFileInteractability: false, timeouts: {implicit: 0, pageLoad: 300000, script: 30000}, unhandledPromptBehavior: dismiss and notify, webauthn:extension:credBlob: true, webauthn:extension:largeBlob: true, webauthn:virtualAuthenticators: true}
Session ID: e3a9f6eb7cdd8bb33252bc8da94560ad
	at org.openqa.selenium.remote.codec.w3c.W3CHttpResponseCodec.createException(W3CHttpResponseCodec.java:200)
	at org.openqa.selenium.remote.codec.w3c.W3CHttpResponseCodec.decode(W3CHttpResponseCodec.java:133)
	at org.openqa.selenium.remote.codec.w3c.W3CHttpResponseCodec.decode(W3CHttpResponseCodec.java:53)
	at org.openqa.selenium.remote.HttpCommandExecutor.execute(HttpCommandExecutor.java:184)
	at org.openqa.selenium.remote.service.DriverCommandExecutor.invokeExecute(DriverCommandExecutor.java:167)
	at org.openqa.selenium.remote.service.DriverCommandExecutor.execute(DriverCommandExecutor.java:142)
	at org.openqa.selenium.remote.RemoteWebDriver.execute(RemoteWebDriver.java:567)
	at org.openqa.selenium.remote.RemoteWebDriver.execute(RemoteWebDriver.java:622)
	at org.openqa.selenium.remote.RemoteWebDriver.execute(RemoteWebDriver.java:626)
	at org.openqa.selenium.remote.RemoteWebDriver.getPageSource(RemoteWebDriver.java:429)
	at com.bank.testcases.TC_AddCustomerTest_003.addNewCustomer(TC_AddCustomerTest_003.java:53)
	at java.base/java.util.ArrayList.forEach(ArrayList.java:1511)
... Removed 32 stack frames
</div> <!-- stack-trace -->
                </div> <!-- method-content -->
              </div> <!-- method -->
              <div class="method">
                <div class="method-content">
                  <a name="addNewCustomer(uhskklallsisi, 11, 4, 1981, sjjsjsjjsjsj, hyd, mg, 457645, 9865471236, whwwuu)">
                  </a> <!-- addNewCustomer(uhskklallsisi, 11, 4, 1981, sjjsjsjjsjsj, hyd, mg, 457645, 9865471236, whwwuu) -->
                  <span class="method-name">addNewCustomer</span>
                  <span class="parameters">(uhskklallsisi, 11, 4, 1981, sjjsjsjjsjsj, hyd, mg, 457645, 9865471236, whwwuu)</span>
                  <div class="stack-trace">org.openqa.selenium.WebDriverException: target frame detached
  (Session info: chrome=101.0.4951.54)
Build info: version: &apos;4.1.3&apos;, revision: &apos;7b1ebf28ef&apos;
System info: host: &apos;LAPTOP-E5NCT7NC&apos;, ip: &apos;172.19.224.1&apos;, os.name: &apos;Windows 10&apos;, os.arch: &apos;amd64&apos;, os.version: &apos;10.0&apos;, java.version: &apos;17.0.2&apos;
Driver info: org.openqa.selenium.chrome.ChromeDriver
Command: [d8a769dea29e67873b66fbc514db0b48, getPageSource {}]
Capabilities {acceptInsecureCerts: false, browserName: chrome, browserVersion: 101.0.4951.54, chrome: {chromedriverVersion: 101.0.4951.41 (93c720db8323..., userDataDir: C:\Users\SANDES~1\AppData\L...}, goog:chromeOptions: {debuggerAddress: localhost:51013}, javascriptEnabled: true, networkConnectionEnabled: false, pageLoadStrategy: normal, platform: WINDOWS, platformName: WINDOWS, proxy: Proxy(), se:cdp: ws://localhost:51013/devtoo..., se:cdpVersion: 101.0.4951.54, setWindowRect: true, strictFileInteractability: false, timeouts: {implicit: 0, pageLoad: 300000, script: 30000}, unhandledPromptBehavior: dismiss and notify, webauthn:extension:credBlob: true, webauthn:extension:largeBlob: true, webauthn:virtualAuthenticators: true}
Session ID: d8a769dea29e67873b66fbc514db0b48
	at org.openqa.selenium.remote.codec.w3c.W3CHttpResponseCodec.createException(W3CHttpResponseCodec.java:200)
	at org.openqa.selenium.remote.codec.w3c.W3CHttpResponseCodec.decode(W3CHttpResponseCodec.java:133)
	at org.openqa.selenium.remote.codec.w3c.W3CHttpResponseCodec.decode(W3CHttpResponseCodec.java:53)
	at org.openqa.selenium.remote.HttpCommandExecutor.execute(HttpCommandExecutor.java:184)
	at org.openqa.selenium.remote.service.DriverCommandExecutor.invokeExecute(DriverCommandExecutor.java:167)
	at org.openqa.selenium.remote.service.DriverCommandExecutor.execute(DriverCommandExecutor.java:142)
	at org.openqa.selenium.remote.RemoteWebDriver.execute(RemoteWebDriver.java:567)
	at org.openqa.selenium.remote.RemoteWebDriver.execute(RemoteWebDriver.java:622)
	at org.openqa.selenium.remote.RemoteWebDriver.execute(RemoteWebDriver.java:626)
	at org.openqa.selenium.remote.RemoteWebDriver.getPageSource(RemoteWebDriver.java:429)
	at com.bank.testcases.TC_AddCustomerTest_003.addNewCustomer(TC_AddCustomerTest_003.java:53)
	at java.base/java.util.ArrayList.forEach(ArrayList.java:1511)
... Removed 32 stack frames
</div> <!-- stack-trace -->
                </div> <!-- method-content -->
              </div> <!-- method -->
              <div class="method">
                <div class="method-content">
                  <a name="addNewCustomer(soojsjskksk, 11, 4, 1981, djjjdjdjjd, hyd, mg, 457645, 9865471236, jjwjwjjwjjw)">
                  </a> <!-- addNewCustomer(soojsjskksk, 11, 4, 1981, djjjdjdjjd, hyd, mg, 457645, 9865471236, jjwjwjjwjjw) -->
                  <span class="method-name">addNewCustomer</span>
                  <span class="parameters">(soojsjskksk, 11, 4, 1981, djjjdjdjjd, hyd, mg, 457645, 9865471236, jjwjwjjwjjw)</span>
                  <div class="stack-trace">org.openqa.selenium.WebDriverException: target frame detached
  (Session info: chrome=101.0.4951.54)
Build info: version: &apos;4.1.3&apos;, revision: &apos;7b1ebf28ef&apos;
System info: host: &apos;LAPTOP-E5NCT7NC&apos;, ip: &apos;172.19.224.1&apos;, os.name: &apos;Windows 10&apos;, os.arch: &apos;amd64&apos;, os.version: &apos;10.0&apos;, java.version: &apos;17.0.2&apos;
Driver info: org.openqa.selenium.chrome.ChromeDriver
Command: [3855f34984f5a376b749e0e22b9942dc, getPageSource {}]
Capabilities {acceptInsecureCerts: false, browserName: chrome, browserVersion: 101.0.4951.54, chrome: {chromedriverVersion: 101.0.4951.41 (93c720db8323..., userDataDir: C:\Users\SANDES~1\AppData\L...}, goog:chromeOptions: {debuggerAddress: localhost:50807}, javascriptEnabled: true, networkConnectionEnabled: false, pageLoadStrategy: normal, platform: WINDOWS, platformName: WINDOWS, proxy: Proxy(), se:cdp: ws://localhost:50807/devtoo..., se:cdpVersion: 101.0.4951.54, setWindowRect: true, strictFileInteractability: false, timeouts: {implicit: 0, pageLoad: 300000, script: 30000}, unhandledPromptBehavior: dismiss and notify, webauthn:extension:credBlob: true, webauthn:extension:largeBlob: true, webauthn:virtualAuthenticators: true}
Session ID: 3855f34984f5a376b749e0e22b9942dc
	at org.openqa.selenium.remote.codec.w3c.W3CHttpResponseCodec.createException(W3CHttpResponseCodec.java:200)
	at org.openqa.selenium.remote.codec.w3c.W3CHttpResponseCodec.decode(W3CHttpResponseCodec.java:133)
	at org.openqa.selenium.remote.codec.w3c.W3CHttpResponseCodec.decode(W3CHttpResponseCodec.java:53)
	at org.openqa.selenium.remote.HttpCommandExecutor.execute(HttpCommandExecutor.java:184)
	at org.openqa.selenium.remote.service.DriverCommandExecutor.invokeExecute(DriverCommandExecutor.java:167)
	at org.openqa.selenium.remote.service.DriverCommandExecutor.execute(DriverCommandExecutor.java:142)
	at org.openqa.selenium.remote.RemoteWebDriver.execute(RemoteWebDriver.java:567)
	at org.openqa.selenium.remote.RemoteWebDriver.execute(RemoteWebDriver.java:622)
	at org.openqa.selenium.remote.RemoteWebDriver.execute(RemoteWebDriver.java:626)
	at org.openqa.selenium.remote.RemoteWebDriver.getPageSource(RemoteWebDriver.java:429)
	at com.bank.testcases.TC_AddCustomerTest_003.addNewCustomer(TC_AddCustomerTest_003.java:53)
	at java.base/java.util.ArrayList.forEach(ArrayList.java:1511)
... Removed 32 stack frames
</div> <!-- stack-trace -->
                </div> <!-- method-content -->
              </div> <!-- method -->
              <div class="method">
                <div class="method-content">
                  <a name="addNewCustomer(isosnnmms, 11, 4, 1981, jdjjdjdjjd, hyd, mg, 457645, 9865471236, wuuuw)">
                  </a> <!-- addNewCustomer(isosnnmms, 11, 4, 1981, jdjjdjdjjd, hyd, mg, 457645, 9865471236, wuuuw) -->
                  <span class="method-name">addNewCustomer</span>
                  <span class="parameters">(isosnnmms, 11, 4, 1981, jdjjdjdjjd, hyd, mg, 457645, 9865471236, wuuuw)</span>
                  <div class="stack-trace">org.openqa.selenium.WebDriverException: target frame detached
  (Session info: chrome=101.0.4951.54)
Build info: version: &apos;4.1.3&apos;, revision: &apos;7b1ebf28ef&apos;
System info: host: &apos;LAPTOP-E5NCT7NC&apos;, ip: &apos;172.19.224.1&apos;, os.name: &apos;Windows 10&apos;, os.arch: &apos;amd64&apos;, os.version: &apos;10.0&apos;, java.version: &apos;17.0.2&apos;
Driver info: org.openqa.selenium.chrome.ChromeDriver
Command: [f3cd61f91c725622d63b742c99b887b4, getPageSource {}]
Capabilities {acceptInsecureCerts: false, browserName: chrome, browserVersion: 101.0.4951.54, chrome: {chromedriverVersion: 101.0.4951.41 (93c720db8323..., userDataDir: C:\Users\SANDES~1\AppData\L...}, goog:chromeOptions: {debuggerAddress: localhost:50876}, javascriptEnabled: true, networkConnectionEnabled: false, pageLoadStrategy: normal, platform: WINDOWS, platformName: WINDOWS, proxy: Proxy(), se:cdp: ws://localhost:50876/devtoo..., se:cdpVersion: 101.0.4951.54, setWindowRect: true, strictFileInteractability: false, timeouts: {implicit: 0, pageLoad: 300000, script: 30000}, unhandledPromptBehavior: dismiss and notify, webauthn:extension:credBlob: true, webauthn:extension:largeBlob: true, webauthn:virtualAuthenticators: true}
Session ID: f3cd61f91c725622d63b742c99b887b4
	at org.openqa.selenium.remote.codec.w3c.W3CHttpResponseCodec.createException(W3CHttpResponseCodec.java:200)
	at org.openqa.selenium.remote.codec.w3c.W3CHttpResponseCodec.decode(W3CHttpResponseCodec.java:133)
	at org.openqa.selenium.remote.codec.w3c.W3CHttpResponseCodec.decode(W3CHttpResponseCodec.java:53)
	at org.openqa.selenium.remote.HttpCommandExecutor.execute(HttpCommandExecutor.java:184)
	at org.openqa.selenium.remote.service.DriverCommandExecutor.invokeExecute(DriverCommandExecutor.java:167)
	at org.openqa.selenium.remote.service.DriverCommandExecutor.execute(DriverCommandExecutor.java:142)
	at org.openqa.selenium.remote.RemoteWebDriver.execute(RemoteWebDriver.java:567)
	at org.openqa.selenium.remote.RemoteWebDriver.execute(RemoteWebDriver.java:622)
	at org.openqa.selenium.remote.RemoteWebDriver.execute(RemoteWebDriver.java:626)
	at org.openqa.selenium.remote.RemoteWebDriver.getPageSource(RemoteWebDriver.java:429)
	at com.bank.testcases.TC_AddCustomerTest_003.addNewCustomer(TC_AddCustomerTest_003.java:53)
	at java.base/java.util.ArrayList.forEach(ArrayList.java:1511)
... Removed 32 stack frames
</div> <!-- stack-trace -->
                </div> <!-- method-content -->
              </div> <!-- method -->
              <div class="method">
                <div class="method-content">
                  <a name="addNewCustomer(lsjjshhjkskks, 11, 4, 1981, jjdjjdjjd, hyd, mg, 457645, 9865471236, iiiiisueu)">
                  </a> <!-- addNewCustomer(lsjjshhjkskks, 11, 4, 1981, jjdjjdjjd, hyd, mg, 457645, 9865471236, iiiiisueu) -->
                  <span class="method-name">addNewCustomer</span>
                  <span class="parameters">(lsjjshhjkskks, 11, 4, 1981, jjdjjdjjd, hyd, mg, 457645, 9865471236, iiiiisueu)</span>
                  <div class="stack-trace">org.openqa.selenium.WebDriverException: target frame detached
  (Session info: chrome=101.0.4951.54)
Build info: version: &apos;4.1.3&apos;, revision: &apos;7b1ebf28ef&apos;
System info: host: &apos;LAPTOP-E5NCT7NC&apos;, ip: &apos;172.19.224.1&apos;, os.name: &apos;Windows 10&apos;, os.arch: &apos;amd64&apos;, os.version: &apos;10.0&apos;, java.version: &apos;17.0.2&apos;
Driver info: org.openqa.selenium.chrome.ChromeDriver
Command: [099e9803c6f5c86b9e5b71d283953d22, getPageSource {}]
Capabilities {acceptInsecureCerts: false, browserName: chrome, browserVersion: 101.0.4951.54, chrome: {chromedriverVersion: 101.0.4951.41 (93c720db8323..., userDataDir: C:\Users\SANDES~1\AppData\L...}, goog:chromeOptions: {debuggerAddress: localhost:63240}, javascriptEnabled: true, networkConnectionEnabled: false, pageLoadStrategy: normal, platform: WINDOWS, platformName: WINDOWS, proxy: Proxy(), se:cdp: ws://localhost:63240/devtoo..., se:cdpVersion: 101.0.4951.54, setWindowRect: true, strictFileInteractability: false, timeouts: {implicit: 0, pageLoad: 300000, script: 30000}, unhandledPromptBehavior: dismiss and notify, webauthn:extension:credBlob: true, webauthn:extension:largeBlob: true, webauthn:virtualAuthenticators: true}
Session ID: 099e9803c6f5c86b9e5b71d283953d22
	at org.openqa.selenium.remote.codec.w3c.W3CHttpResponseCodec.createException(W3CHttpResponseCodec.java:200)
	at org.openqa.selenium.remote.codec.w3c.W3CHttpResponseCodec.decode(W3CHttpResponseCodec.java:133)
	at org.openqa.selenium.remote.codec.w3c.W3CHttpResponseCodec.decode(W3CHttpResponseCodec.java:53)
	at org.openqa.selenium.remote.HttpCommandExecutor.execute(HttpCommandExecutor.java:184)
	at org.openqa.selenium.remote.service.DriverCommandExecutor.invokeExecute(DriverCommandExecutor.java:167)
	at org.openqa.selenium.remote.service.DriverCommandExecutor.execute(DriverCommandExecutor.java:142)
	at org.openqa.selenium.remote.RemoteWebDriver.execute(RemoteWebDriver.java:567)
	at org.openqa.selenium.remote.RemoteWebDriver.execute(RemoteWebDriver.java:622)
	at org.openqa.selenium.remote.RemoteWebDriver.execute(RemoteWebDriver.java:626)
	at org.openqa.selenium.remote.RemoteWebDriver.getPageSource(RemoteWebDriver.java:429)
	at com.bank.testcases.TC_AddCustomerTest_003.addNewCustomer(TC_AddCustomerTest_003.java:53)
	at java.base/java.util.ArrayList.forEach(ArrayList.java:1511)
... Removed 32 stack frames
</div> <!-- stack-trace -->
                </div> <!-- method-content -->
              </div> <!-- method -->
              <div class="method">
                <div class="method-content">
                  <a name="addNewCustomer(somskkksks, 11, 4, 1981, djjdjjd, hyd, mg, 457645, 9865471236, klshsyys)">
                  </a> <!-- addNewCustomer(somskkksks, 11, 4, 1981, djjdjjd, hyd, mg, 457645, 9865471236, klshsyys) -->
                  <span class="method-name">addNewCustomer</span>
                  <span class="parameters">(somskkksks, 11, 4, 1981, djjdjjd, hyd, mg, 457645, 9865471236, klshsyys)</span>
                  <div class="stack-trace">org.openqa.selenium.UnhandledAlertException: unexpected alert open: {Alert text : Customer could not be added !!}
  (Session info: chrome=101.0.4951.54): Customer could not be added !!
Build info: version: &apos;4.1.3&apos;, revision: &apos;7b1ebf28ef&apos;
System info: host: &apos;LAPTOP-E5NCT7NC&apos;, ip: &apos;172.19.224.1&apos;, os.name: &apos;Windows 10&apos;, os.arch: &apos;amd64&apos;, os.version: &apos;10.0&apos;, java.version: &apos;17.0.2&apos;
Driver info: org.openqa.selenium.chrome.ChromeDriver
Command: [2a0d9efa95e634251a187df1cd8540a2, screenshot {}]
Capabilities {acceptInsecureCerts: false, browserName: chrome, browserVersion: 101.0.4951.54, chrome: {chromedriverVersion: 101.0.4951.41 (93c720db8323..., userDataDir: C:\Users\SANDES~1\AppData\L...}, goog:chromeOptions: {debuggerAddress: localhost:63167}, javascriptEnabled: true, networkConnectionEnabled: false, pageLoadStrategy: normal, platform: WINDOWS, platformName: WINDOWS, proxy: Proxy(), se:cdp: ws://localhost:63167/devtoo..., se:cdpVersion: 101.0.4951.54, setWindowRect: true, strictFileInteractability: false, timeouts: {implicit: 0, pageLoad: 300000, script: 30000}, unhandledPromptBehavior: dismiss and notify, webauthn:extension:credBlob: true, webauthn:extension:largeBlob: true, webauthn:virtualAuthenticators: true}
Session ID: 2a0d9efa95e634251a187df1cd8540a2
	at org.openqa.selenium.remote.codec.w3c.W3CHttpResponseCodec.decode(W3CHttpResponseCodec.java:131)
	at org.openqa.selenium.remote.codec.w3c.W3CHttpResponseCodec.decode(W3CHttpResponseCodec.java:53)
	at org.openqa.selenium.remote.HttpCommandExecutor.execute(HttpCommandExecutor.java:184)
	at org.openqa.selenium.remote.service.DriverCommandExecutor.invokeExecute(DriverCommandExecutor.java:167)
	at org.openqa.selenium.remote.service.DriverCommandExecutor.execute(DriverCommandExecutor.java:142)
	at org.openqa.selenium.remote.RemoteWebDriver.execute(RemoteWebDriver.java:567)
	at org.openqa.selenium.remote.RemoteWebDriver.execute(RemoteWebDriver.java:622)
	at org.openqa.selenium.remote.RemoteWebDriver.execute(RemoteWebDriver.java:626)
	at org.openqa.selenium.remote.RemoteWebDriver.getScreenshotAs(RemoteWebDriver.java:351)
	at com.bank.testcases.Base.captureScreen(Base.java:78)
	at com.bank.testcases.TC_AddCustomerTest_003.addNewCustomer(TC_AddCustomerTest_003.java:47)
	at java.base/java.util.ArrayList.forEach(ArrayList.java:1511)
... Removed 27 stack frames
</div> <!-- stack-trace -->
                </div> <!-- method-content -->
              </div> <!-- method -->
            </div> <!-- main-panel-content rounded-window-bottom -->
          </div> <!-- suite-Suite-class-failed -->
          <div class="suite-Suite-class-passed">
            <div class="main-panel-header rounded-window-top">
              <img src="passed.png"/>
              <span class="class-name">com.bank.testcases.TC_AddCustomerTest_003</span>
            </div> <!-- main-panel-header rounded-window-top -->
            <div class="main-panel-content rounded-window-bottom">
              <div class="method">
                <div class="method-content">
                  <a name="addNewCustomer(ushuoxkkx, 11, 4, 1981, jjdjjjj, hyd, mg, 457645, 9865471236, wjjjwjjw)">
                  </a> <!-- addNewCustomer(ushuoxkkx, 11, 4, 1981, jjdjjjj, hyd, mg, 457645, 9865471236, wjjjwjjw) -->
                  <span class="method-name">addNewCustomer</span>
                  <span class="parameters">(ushuoxkkx, 11, 4, 1981, jjdjjjj, hyd, mg, 457645, 9865471236, wjjjwjjw)</span>
                </div> <!-- method-content -->
              </div> <!-- method -->
            </div> <!-- main-panel-content rounded-window-bottom -->
          </div> <!-- suite-Suite-class-passed -->
        </div> <!-- panel Suite -->
        <div panel-name="test-xml-Suite" class="panel">
          <div class="main-panel-header rounded-window-top">
            <span class="header-content">D:\Solution1\Rank\testng.xml</span>
          </div> <!-- main-panel-header rounded-window-top -->
          <div class="main-panel-content rounded-window-bottom">
            <pre>
&lt;?xml version=&quot;1.0&quot; encoding=&quot;UTF-8&quot;?&gt;
&lt;!DOCTYPE suite SYSTEM &quot;https://testng.org/testng-1.0.dtd&quot;&gt;
&lt;suite name=&quot;Suite&quot; guice-stage=&quot;DEVELOPMENT&quot;&gt;
  &lt;listeners&gt;
    &lt;listener class-name=&quot;com.bank.Utils.Reporting&quot;/&gt;
  &lt;/listeners&gt;
  &lt;test thread-count=&quot;5&quot; name=&quot;Test&quot;&gt;
    &lt;parameter name=&quot;browser&quot; value=&quot;chrome&quot;/&gt;
    &lt;classes&gt;
      &lt;class name=&quot;com.bank.testcases.LoginPageTest&quot;/&gt;
      &lt;class name=&quot;com.bank.testcases.TC_001_DDTLogin&quot;/&gt;
      &lt;class name=&quot;com.bank.testcases.TC_AddCustomerTest_003&quot;/&gt;
    &lt;/classes&gt;
  &lt;/test&gt; &lt;!-- Test --&gt;
&lt;/suite&gt; &lt;!-- Suite --&gt;
            </pre>
          </div> <!-- main-panel-content rounded-window-bottom -->
        </div> <!-- panel -->
        <div panel-name="testlist-Suite" class="panel">
          <div class="main-panel-header rounded-window-top">
            <span class="header-content">Tests for Suite</span>
          </div> <!-- main-panel-header rounded-window-top -->
          <div class="main-panel-content rounded-window-bottom">
            <ul>
              <li>
                <span class="test-name">Test (3 classes)</span>
              </li>
            </ul>
          </div> <!-- main-panel-content rounded-window-bottom -->
        </div> <!-- panel -->
        <div panel-name="group-Suite" class="panel">
          <div class="main-panel-header rounded-window-top">
            <span class="header-content">Groups for Suite</span>
          </div> <!-- main-panel-header rounded-window-top -->
          <div class="main-panel-content rounded-window-bottom">
          </div> <!-- main-panel-content rounded-window-bottom -->
        </div> <!-- panel -->
        <div panel-name="times-Suite" class="panel">
          <div class="main-panel-header rounded-window-top">
            <span class="header-content">Times for Suite</span>
          </div> <!-- main-panel-header rounded-window-top -->
          <div class="main-panel-content rounded-window-bottom">
            <div class="times-div">
              <script type="text/javascript">
suiteTableInitFunctions.push('tableData_Suite');
function tableData_Suite() {
var data = new google.visualization.DataTable();
data.addColumn('number', 'Number');
data.addColumn('string', 'Method');
data.addColumn('string', 'Class');
data.addColumn('number', 'Time (ms)');
data.addRows(17);
data.setCell(0, 0, 0)
data.setCell(0, 1, 'addNewCustomer')
data.setCell(0, 2, 'com.bank.testcases.TC_AddCustomerTest_003')
data.setCell(0, 3, 20097);
data.setCell(1, 0, 1)
data.setCell(1, 1, 'addNewCustomer')
data.setCell(1, 2, 'com.bank.testcases.TC_AddCustomerTest_003')
data.setCell(1, 3, 18563);
data.setCell(2, 0, 2)
data.setCell(2, 1, 'addNewCustomer')
data.setCell(2, 2, 'com.bank.testcases.TC_AddCustomerTest_003')
data.setCell(2, 3, 18425);
data.setCell(3, 0, 3)
data.setCell(3, 1, 'addNewCustomer')
data.setCell(3, 2, 'com.bank.testcases.TC_AddCustomerTest_003')
data.setCell(3, 3, 18392);
data.setCell(4, 0, 4)
data.setCell(4, 1, 'addNewCustomer')
data.setCell(4, 2, 'com.bank.testcases.TC_AddCustomerTest_003')
data.setCell(4, 3, 18346);
data.setCell(5, 0, 5)
data.setCell(5, 1, 'addNewCustomer')
data.setCell(5, 2, 'com.bank.testcases.TC_AddCustomerTest_003')
data.setCell(5, 3, 18275);
data.setCell(6, 0, 6)
data.setCell(6, 1, 'addNewCustomer')
data.setCell(6, 2, 'com.bank.testcases.TC_AddCustomerTest_003')
data.setCell(6, 3, 13703);
data.setCell(7, 0, 7)
data.setCell(7, 1, 'login')
data.setCell(7, 2, 'com.bank.testcases.LoginPageTest')
data.setCell(7, 3, 13315);
data.setCell(8, 0, 8)
data.setCell(8, 1, 'loginDDT')
data.setCell(8, 2, 'com.bank.testcases.TC_001_DDTLogin')
data.setCell(8, 3, 5599);
data.setCell(9, 0, 9)
data.setCell(9, 1, 'loginDDT')
data.setCell(9, 2, 'com.bank.testcases.TC_001_DDTLogin')
data.setCell(9, 3, 5568);
data.setCell(10, 0, 10)
data.setCell(10, 1, 'loginDDT')
data.setCell(10, 2, 'com.bank.testcases.TC_001_DDTLogin')
data.setCell(10, 3, 5469);
data.setCell(11, 0, 11)
data.setCell(11, 1, 'loginDDT')
data.setCell(11, 2, 'com.bank.testcases.TC_001_DDTLogin')
data.setCell(11, 3, 5453);
data.setCell(12, 0, 12)
data.setCell(12, 1, 'loginDDT')
data.setCell(12, 2, 'com.bank.testcases.TC_001_DDTLogin')
data.setCell(12, 3, 5400);
data.setCell(13, 0, 13)
data.setCell(13, 1, 'loginDDT')
data.setCell(13, 2, 'com.bank.testcases.TC_001_DDTLogin')
data.setCell(13, 3, 5386);
data.setCell(14, 0, 14)
data.setCell(14, 1, 'loginDDT')
data.setCell(14, 2, 'com.bank.testcases.TC_001_DDTLogin')
data.setCell(14, 3, 5385);
data.setCell(15, 0, 15)
data.setCell(15, 1, 'loginDDT')
data.setCell(15, 2, 'com.bank.testcases.TC_001_DDTLogin')
data.setCell(15, 3, 5128);
data.setCell(16, 0, 16)
data.setCell(16, 1, 'loginDDT')
data.setCell(16, 2, 'com.bank.testcases.TC_001_DDTLogin')
data.setCell(16, 3, 4835);
window.suiteTableData['Suite']= { tableData: data, tableDiv: 'times-div-Suite'}
return data;
}
              </script>
              <span class="suite-total-time">Total running time: 3 minutes</span>
              <div id="times-div-Suite">
              </div> <!-- times-div-Suite -->
            </div> <!-- times-div -->
          </div> <!-- main-panel-content rounded-window-bottom -->
        </div> <!-- panel -->
        <div panel-name="reporter-Suite" class="panel">
          <div class="main-panel-header rounded-window-top">
            <span class="header-content">Reporter output for Suite</span>
          </div> <!-- main-panel-header rounded-window-top -->
          <div class="main-panel-content rounded-window-bottom">
          </div> <!-- main-panel-content rounded-window-bottom -->
        </div> <!-- panel -->
        <div panel-name="ignored-methods-Suite" class="panel">
          <div class="main-panel-header rounded-window-top">
            <span class="header-content">0 ignored methods</span>
          </div> <!-- main-panel-header rounded-window-top -->
          <div class="main-panel-content rounded-window-bottom">
          </div> <!-- main-panel-content rounded-window-bottom -->
        </div> <!-- panel -->
        <div panel-name="chronological-Suite" class="panel">
          <div class="main-panel-header rounded-window-top">
            <span class="header-content">Methods in chronological order</span>
          </div> <!-- main-panel-header rounded-window-top -->
          <div class="main-panel-content rounded-window-bottom">
            <div class="chronological-class">
              <div class="chronological-class-name">com.bank.testcases.LoginPageTest</div> <!-- chronological-class-name -->
              <div class="configuration-method before">
                <span class="method-name">initilization(chrome)</span>
                <span class="method-start">0 ms</span>
              </div> <!-- configuration-method before -->
              <div class="test-method">
                <img src="failed.png">
                </img>
                <span class="method-name">login</span>
                <span class="method-start">5777 ms</span>
              </div> <!-- test-method -->
              <div class="configuration-method after">
                <span class="method-name">teardown</span>
                <span class="method-start">19103 ms</span>
              </div> <!-- configuration-method after -->
            </div> <!-- chronological-class -->
            <div class="chronological-class">
              <div class="chronological-class-name">com.bank.testcases.TC_001_DDTLogin</div> <!-- chronological-class-name -->
              <div class="configuration-method before">
                <span class="method-name">initilization(chrome)</span>
                <span class="method-start">20663 ms</span>
              </div> <!-- configuration-method before -->
              <div class="test-method">
                <img src="failed.png">
                </img>
                <span class="method-name">loginDDT(hsggsgsgs, jdjdjjf)</span>
                <span class="method-start">24556 ms</span>
              </div> <!-- test-method -->
              <div class="configuration-method after">
                <span class="method-name">teardown</span>
                <span class="method-start">29685 ms</span>
              </div> <!-- configuration-method after -->
              <div class="configuration-method before">
                <span class="method-name">initilization(chrome)</span>
                <span class="method-start">29895 ms</span>
              </div> <!-- configuration-method before -->
              <div class="test-method">
                <img src="failed.png">
                </img>
                <span class="method-name">loginDDT(lskskskks, kdkdkdkkd)</span>
                <span class="method-start">34328 ms</span>
              </div> <!-- test-method -->
              <div class="configuration-method after">
                <span class="method-name">teardown</span>
                <span class="method-start">39928 ms</span>
              </div> <!-- configuration-method after -->
              <div class="configuration-method before">
                <span class="method-name">initilization(chrome)</span>
                <span class="method-start">40179 ms</span>
              </div> <!-- configuration-method before -->
              <div class="test-method">
                <img src="failed.png">
                </img>
                <span class="method-name">loginDDT(lskksksk, llsllsls)</span>
                <span class="method-start">43576 ms</span>
              </div> <!-- test-method -->
              <div class="configuration-method after">
                <span class="method-name">teardown</span>
                <span class="method-start">49030 ms</span>
              </div> <!-- configuration-method after -->
              <div class="configuration-method before">
                <span class="method-name">initilization(chrome)</span>
                <span class="method-start">49216 ms</span>
              </div> <!-- configuration-method before -->
              <div class="test-method">
                <img src="failed.png">
                </img>
                <span class="method-name">loginDDT(jdkddkkkd, kdddkkdkd)</span>
                <span class="method-start">53136 ms</span>
              </div> <!-- test-method -->
              <div class="configuration-method after">
                <span class="method-name">teardown</span>
                <span class="method-start">58705 ms</span>
              </div> <!-- configuration-method after -->
              <div class="configuration-method before">
                <span class="method-name">initilization(chrome)</span>
                <span class="method-start">58865 ms</span>
              </div> <!-- configuration-method before -->
              <div class="test-method">
                <img src="failed.png">
                </img>
                <span class="method-name">loginDDT(lskkkdkd, siinsmmsms)</span>
                <span class="method-start">62384 ms</span>
              </div> <!-- test-method -->
              <div class="configuration-method after">
                <span class="method-name">teardown</span>
                <span class="method-start">67772 ms</span>
              </div> <!-- configuration-method after -->
              <div class="configuration-method before">
                <span class="method-name">initilization(chrome)</span>
                <span class="method-start">67914 ms</span>
              </div> <!-- configuration-method before -->
              <div class="test-method">
                <img src="failed.png">
                </img>
                <span class="method-name">loginDDT(sllsdjdkkd, lslkdkkxkx)</span>
                <span class="method-start">71631 ms</span>
              </div> <!-- test-method -->
              <div class="configuration-method after">
                <span class="method-name">teardown</span>
                <span class="method-start">77101 ms</span>
              </div> <!-- configuration-method after -->
              <div class="configuration-method before">
                <span class="method-name">initilization(chrome)</span>
                <span class="method-start">77303 ms</span>
              </div> <!-- configuration-method before -->
              <div class="test-method">
                <img src="failed.png">
                </img>
                <span class="method-name">loginDDT(siiskaskkdjdj, lskkdkkkd)</span>
                <span class="method-start">81082 ms</span>
              </div> <!-- test-method -->
              <div class="configuration-method after">
                <span class="method-name">teardown</span>
                <span class="method-start">86483 ms</span>
              </div> <!-- configuration-method after -->
              <div class="configuration-method before">
                <span class="method-name">initilization(chrome)</span>
                <span class="method-start">86673 ms</span>
              </div> <!-- configuration-method before -->
              <div class="test-method">
                <img src="failed.png">
                </img>
                <span class="method-name">loginDDT(iiejskdkkdk, skkdjxjxkkkz)</span>
                <span class="method-start">90316 ms</span>
              </div> <!-- test-method -->
              <div class="configuration-method after">
                <span class="method-name">teardown</span>
                <span class="method-start">95702 ms</span>
              </div> <!-- configuration-method after -->
              <div class="configuration-method before">
                <span class="method-name">initilization(chrome)</span>
                <span class="method-start">95886 ms</span>
              </div> <!-- configuration-method before -->
              <div class="test-method">
                <img src="failed.png">
                </img>
                <span class="method-name">loginDDT(s7021954183@gmail.com, Sa@7769090757)</span>
                <span class="method-start">100313 ms</span>
              </div> <!-- test-method -->
              <div class="configuration-method after">
                <span class="method-name">teardown</span>
                <span class="method-start">105149 ms</span>
              </div> <!-- configuration-method after -->
            </div> <!-- chronological-class -->
            <div class="chronological-class">
              <div class="chronological-class-name">com.bank.testcases.TC_AddCustomerTest_003</div> <!-- chronological-class-name -->
              <div class="configuration-method before">
                <span class="method-name">initilization(chrome)</span>
                <span class="method-start">106400 ms</span>
              </div> <!-- configuration-method before -->
              <div class="test-method">
                <img src="failed.png">
                </img>
                <span class="method-name">addNewCustomer(hsjsjjjsjs, 11, 4, 1981, jjdjd, hyd, mg, 457645, 9865471236, ggggs)</span>
                <span class="method-start">109842 ms</span>
              </div> <!-- test-method -->
              <div class="configuration-method after">
                <span class="method-name">teardown</span>
                <span class="method-start">129943 ms</span>
              </div> <!-- configuration-method after -->
              <div class="configuration-method before">
                <span class="method-name">initilization(chrome)</span>
                <span class="method-start">130130 ms</span>
              </div> <!-- configuration-method before -->
              <div class="test-method">
                <img src="failed.png">
                </img>
                <span class="method-name">addNewCustomer(somskkksks, 11, 4, 1981, djjdjjd, hyd, mg, 457645, 9865471236, klshsyys)</span>
                <span class="method-start">134004 ms</span>
              </div> <!-- test-method -->
              <div class="configuration-method after">
                <span class="method-name">teardown</span>
                <span class="method-start">147709 ms</span>
              </div> <!-- configuration-method after -->
              <div class="configuration-method before">
                <span class="method-name">initilization(chrome)</span>
                <span class="method-start">147919 ms</span>
              </div> <!-- configuration-method before -->
              <div class="test-method">
                <img src="failed.png">
                </img>
                <span class="method-name">addNewCustomer(lsjjshhjkskks, 11, 4, 1981, jjdjjdjjd, hyd, mg, 457645, 9865471236, iiiiisueu)</span>
                <span class="method-start">151454 ms</span>
              </div> <!-- test-method -->
              <div class="configuration-method after">
                <span class="method-name">teardown</span>
                <span class="method-start">169881 ms</span>
              </div> <!-- configuration-method after -->
              <div class="configuration-method before">
                <span class="method-name">initilization(chrome)</span>
                <span class="method-start">170063 ms</span>
              </div> <!-- configuration-method before -->
              <div class="test-method">
                <img src="failed.png">
                </img>
                <span class="method-name">addNewCustomer(soojsjskksk, 11, 4, 1981, djjjdjdjjd, hyd, mg, 457645, 9865471236, jjwjwjjwjjw)</span>
                <span class="method-start">173735 ms</span>
              </div> <!-- test-method -->
              <div class="configuration-method after">
                <span class="method-name">teardown</span>
                <span class="method-start">192128 ms</span>
              </div> <!-- configuration-method after -->
              <div class="configuration-method before">
                <span class="method-name">initilization(chrome)</span>
                <span class="method-start">192313 ms</span>
              </div> <!-- configuration-method before -->
              <div class="test-method">
                <img src="failed.png">
                </img>
                <span class="method-name">addNewCustomer(isosnnmms, 11, 4, 1981, jdjjdjdjjd, hyd, mg, 457645, 9865471236, wuuuw)</span>
                <span class="method-start">195847 ms</span>
              </div> <!-- test-method -->
              <div class="configuration-method after">
                <span class="method-name">teardown</span>
                <span class="method-start">214123 ms</span>
              </div> <!-- configuration-method after -->
              <div class="configuration-method before">
                <span class="method-name">initilization(chrome)</span>
                <span class="method-start">214306 ms</span>
              </div> <!-- configuration-method before -->
              <div class="test-method">
                <span class="method-name">addNewCustomer(ushuoxkkx, 11, 4, 1981, jjdjjjj, hyd, mg, 457645, 9865471236, wjjjwjjw)</span>
                <span class="method-start">218126 ms</span>
              </div> <!-- test-method -->
              <div class="configuration-method after">
                <span class="method-name">teardown</span>
                <span class="method-start">236690 ms</span>
              </div> <!-- configuration-method after -->
              <div class="configuration-method before">
                <span class="method-name">initilization(chrome)</span>
                <span class="method-start">236872 ms</span>
              </div> <!-- configuration-method before -->
              <div class="test-method">
                <img src="failed.png">
                </img>
                <span class="method-name">addNewCustomer(uhskklallsisi, 11, 4, 1981, sjjsjsjjsjsj, hyd, mg, 457645, 9865471236, whwwuu)</span>
                <span class="method-start">240362 ms</span>
              </div> <!-- test-method -->
              <div class="configuration-method after">
                <span class="method-name">teardown</span>
                <span class="method-start">258709 ms</span>
              </div> <!-- configuration-method after -->
          </div> <!-- main-panel-content rounded-window-bottom -->
        </div> <!-- panel -->
      </div> <!-- main-panel-root -->
    </div> <!-- wrapper -->
  </body>
<script type="text/javascript" src="testng-reports2.js"></script>
</html>
